2026-06-09 21:50:07.919 Uncaught app execution
Traceback (most recent call last):
  File "C:\Users\User\AppData\Local\Programs\Python\Python313\Lib\site-packages\streamlit\runtime\scriptrunner\exec_code.py", line 129, in exec_func_with_error_handling
    result = func()
  File "C:\Users\User\AppData\Local\Programs\Python\Python313\Lib\site-packages\streamlit\runtime\scriptrunner\script_runner.py", line 689, in code_to_exec
    exec(code, module.__dict__)  # noqa: S102
    ~~~~^^^^^^^^^^^^^^^^^^^^^^^
  File "C:\Users\User\Desktop\Appli des lots pokemon\app.py", line 1843, in <module>
    render_with_perf(
    ~~~~~~~~~~~~~~~~^
        "page Statistiques",
        ^^^^^^^^^^^^^^^^^^^^
    ...<7 lines>...
        monthly_goals_path="monthly_goals.json",
        ^^^^^^^^^^^^^^^^^^^^^^^^^^^^^^^^^^^^^^^^
    )
    ^
  File "C:\Users\User\Desktop\Appli des lots pokemon\app.py", line 1110, in render_with_perf
    return render_func(*args, **kwargs)
  File "C:\Users\User\Desktop\Appli des lots pokemon\ui\pages\statistics.py", line 66, in render_statistics_page
    stats_collect_start = dt_module.datetime.now()
                          ^^^^^^^^^
UnboundLocalError: cannot access local variable 'dt_module' where it is not associated with a value
