
  You can now view your Streamlit app in your browser.

  URL: http://127.0.0.1:8542

Chargement cache cartes...
Cache disque: 4188 noms, 0.0s
[PERF] ld(): 0.007s / local
[PERF] ld(): 0.005s / local
[PERF] ld(): 0.006s / local
[PERF] gst(): 0.009s / lots=19
[PERF] gst() call: 0.011s
[PERF] ld(): 0.005s / local
[PERF] stats ld: 0.008s
[PERF] page Statistiques: 0.012s
Chargement cache cartes...
Cache disque: 4188 noms, 0.0s
[PERF] ld(): 0.005s / local
[PERF] ld(): 0.006s / local
[PERF] ld(): 0.005s / local
[PERF] gst(): 0.009s / lots=19
[PERF] gst() call: 0.012s
[PERF] ld(): 0.006s / local
[PERF] stats ld: 0.007s
[PERF] stats collect sales: 0.003s / sales=413 months=4
[PERF] stats chart CA: 0.004s
[PERF] stats chart quantity: 0.001s
[PERF] stats chart monthly benefit: 0.001s
[PERF] stats chart trend: 0.001s
[PERF] stats chart lot CA: 0.001s
[PERF] stats chart lot benefit: 0.001s
[PERF] page Statistiques: 0.763s
[PERF] rerun summary: 0.788s / gst=1, gst_call=1, images_proxy=1, ld=2
Chargement cache cartes...
Cache disque: 4188 noms, 0.0s
[PERF] ld(): 0.005s / local
[PERF] ld(): 0.006s / local
[PERF] ld(): 0.007s / local
[PERF] gst(): 0.008s / lots=19
[PERF] gst() call: 0.009s
Chargement cache cartes...
Cache disque: 4188 noms, 0.0s
[PERF] ld(): 0.008s / local
[PERF] ld(): 0.007s / local
[PERF] ld(): 0.009s / local
[PERF] gst(): 0.010s / lots=19
[PERF] gst() call: 0.010s
[PERF] ld(): 0.006s / local
[PERF] ld(): 0.008s / local
[PERF] images Collection: 0.001s
[PERF] images Collection: 0.000s
[PERF] images Collection: 0.000s
[PERF] images Collection: 0.000s
[PERF] images Collection: 0.000s
[PERF] images Collection: 0.000s
[PERF] images Collection: 0.000s
[PERF] images Collection: 0.000s
[PERF] images Collection: 0.000s
[PERF] images Collection: 0.000s
[PERF] images Collection: 0.000s
[PERF] images Collection: 0.000s
[PERF] images Collection: 0.000s
[PERF] images Collection: 0.000s
[PERF] images Collection: 0.000s
[PERF] images Collection: 0.000s
[PERF] page Collection: 0.053s
[PERF] rerun summary: 0.077s / cards_collection_rendered=16, gst=1, gst_call=1, images_collection=16, images_proxy=19, ld=3
Chargement cache cartes...
Cache disque: 4188 noms, 0.0s
[PERF] ld(): 0.007s / local
[PERF] ld(): 0.006s / local
[PERF] ld(): 0.006s / local
[PERF] gst(): 0.007s / lots=19
[PERF] gst() call: 0.008s
[PERF] ld(): 0.005s / local
[PERF] ld(): 0.005s / local
[PERF] page Lots: 0.042s
[PERF] rerun summary: 0.061s / gst=1, gst_call=1, ld=3
Chargement cache cartes...
Cache disque: 4188 noms, 0.0s
[PERF] ld(): 0.008s / local
[PERF] ld(): 0.005s / local
[PERF] gst() call: 0.000s
[PERF] ld(): 0.009s / local
[PERF] ld(): 0.008s / local
[PERF] page Vente / Echange: 0.454s
[PERF] rerun summary: 0.469s / cards_sales_rendered=148, gst_call=1, images_proxy=172, ld=2
